Change Component Designator: Old Designator=C50 New Designator=C25
Change Component Designator: Old Designator=C62 New Designator=C23
Change Component Designator: Old Designator=C70 New Designator=C24
Change Component Designator: Old Designator=C181 New Designator=C27
Change Component Designator: Old Designator=C182 New Designator=C26
Change Component Designator: Old Designator=HW12 New Designator=HW10
Change Component Designator: Old Designator=HW13 New Designator=HW9
Change Component Designator: Old Designator=LD6 New Designator=LD2
Change Component Designator: Old Designator=LD7 New Designator=LD1
Change Component Designator: Old Designator=R16 New Designator=R101
Change Component Designator: Old Designator=R17 New Designator=R99
Change Component Designator: Old Designator=R18 New Designator=R103
Change Component Designator: Old Designator=R19 New Designator=R82
Change Component Designator: Old Designator=R20 New Designator=R100
Change Component Designator: Old Designator=R21 New Designator=R81
Change Component Designator: Old Designator=R22 New Designator=R76
Change Component Designator: Old Designator=R23 New Designator=R84
Change Component Designator: Old Designator=R24 New Designator=R95
Change Component Designator: Old Designator=R25 New Designator=R69
Change Component Designator: Old Designator=R26 New Designator=R97
Change Component Designator: Old Designator=R37 New Designator=R98
Change Component Designator: Old Designator=R38 New Designator=R75
Change Component Designator: Old Designator=R40 New Designator=R74
Change Component Designator: Old Designator=R42 New Designator=R77
Change Component Designator: Old Designator=R43 New Designator=R85
Change Component Designator: Old Designator=R44 New Designator=R86
Change Component Designator: Old Designator=R45 New Designator=R80
Change Component Designator: Old Designator=R46 New Designator=R78
Change Component Designator: Old Designator=R47 New Designator=R102
Change Component Designator: Old Designator=R48 New Designator=R58
Change Component Designator: Old Designator=R49 New Designator=R79
Change Component Designator: Old Designator=R50 New Designator=R56
Change Component Designator: Old Designator=R51 New Designator=R67
Change Component Designator: Old Designator=R55 New Designator=R62
Change Component Designator: Old Designator=R59 New Designator=R66
Change Component Designator: Old Designator=R61 New Designator=R64
Change Component Designator: Old Designator=R63 New Designator=R87
Change Component Designator: Old Designator=R73 New Designator=R68
Change Component Designator: Old Designator=R74 New Designator=R83
Change Component Designator: Old Designator=R75 New Designator=R94
Change Component Designator: Old Designator=R76 New Designator=R108
Change Component Designator: Old Designator=R77 New Designator=R60
Change Component Designator: Old Designator=R78 New Designator=R59
Change Component Designator: Old Designator=R79 New Designator=R96
Change Component Designator: Old Designator=R80 New Designator=R63
Change Component Designator: Old Designator=R81 New Designator=R61
Change Component Designator: Old Designator=R84 New Designator=R57
Change Component Designator: Old Designator=R86 New Designator=R55
Change Component Designator: Old Designator=R93 New Designator=R105
Change Component Designator: Old Designator=R98 New Designator=R106
Change Component Designator: Old Designator=R102 New Designator=R112
Change Component Designator: Old Designator=R103 New Designator=R113
Change Component Designator: Old Designator=R105 New Designator=R65
Change Component Designator: Old Designator=R106 New Designator=R72
Change Component Designator: Old Designator=R107 New Designator=R73
Change Component Designator: Old Designator=R108 New Designator=R88
Change Component Designator: Old Designator=R109 New Designator=R91
Change Component Designator: Old Designator=R110 New Designator=R89
Change Component Designator: Old Designator=R111 New Designator=R90
Change Component Designator: Old Designator=R112 New Designator=R93
Change Component Designator: Old Designator=R113 New Designator=R71
Change Component Designator: Old Designator=R114 New Designator=R92
Change Component Designator: Old Designator=R143 New Designator=R110
Change Component Designator: Old Designator=R144 New Designator=R111
Change Component Designator: Old Designator=R229 New Designator=R115
Change Component Designator: Old Designator=R230 New Designator=R114
Change Component Designator: Old Designator=R231 New Designator=R109
Change Component Designator: Old Designator=R232 New Designator=R107
Change Component Designator: Old Designator=R233 New Designator=R104
Change Component Designator: Old Designator=SB47 New Designator=SB5
Change Component Designator: Old Designator=U6 New Designator=U5
Change Component Designator: Old Designator=U6 New Designator=U5
Change Component Designator: Old Designator=U31 New Designator=U6
Change Component Designator: Old Designator=U32 New Designator=U7
Change Component Designator: Old Designator=X1 New Designator=X2
Change Component Designator: Old Designator=X2 New Designator=X1
