Change Component Designator: Old Designator=C16 New Designator=C33
Change Component Designator: Old Designator=C18 New Designator=C34
Change Component Designator: Old Designator=C27 New Designator=C56
Change Component Designator: Old Designator=C29 New Designator=C57
Change Component Designator: Old Designator=C31 New Designator=C55
Change Component Designator: Old Designator=C33 New Designator=C59
Change Component Designator: Old Designator=C35 New Designator=C63
Change Component Designator: Old Designator=C36 New Designator=C64
Change Component Designator: Old Designator=C39 New Designator=C62
Change Component Designator: Old Designator=C40 New Designator=C53
Change Component Designator: Old Designator=C41 New Designator=C52
Change Component Designator: Old Designator=C42 New Designator=C60
Change Component Designator: Old Designator=C43 New Designator=C61
Change Component Designator: Old Designator=C44 New Designator=C65
Change Component Designator: Old Designator=C46 New Designator=C54
Change Component Designator: Old Designator=C52 New Designator=C28
Change Component Designator: Old Designator=C53 New Designator=C38
Change Component Designator: Old Designator=C54 New Designator=C58
Change Component Designator: Old Designator=C55 New Designator=C42
Change Component Designator: Old Designator=C57 New Designator=C50
Change Component Designator: Old Designator=C63 New Designator=C32
Change Component Designator: Old Designator=C75 New Designator=C35
Change Component Designator: Old Designator=C77 New Designator=C41
Change Component Designator: Old Designator=C78 New Designator=C31
Change Component Designator: Old Designator=C79 New Designator=C36
Change Component Designator: Old Designator=C85 New Designator=C48
Change Component Designator: Old Designator=C87 New Designator=C46
Change Component Designator: Old Designator=C88 New Designator=C47
Change Component Designator: Old Designator=C95 New Designator=C49
Change Component Designator: Old Designator=C96 New Designator=C43
Change Component Designator: Old Designator=C99 New Designator=C51
Change Component Designator: Old Designator=C100 New Designator=C44
Change Component Designator: Old Designator=C155 New Designator=C37
Change Component Designator: Old Designator=C184 New Designator=C29
Change Component Designator: Old Designator=C185 New Designator=C30
Change Component Designator: Old Designator=C186 New Designator=C39
Change Component Designator: Old Designator=C187 New Designator=C40
Change Component Designator: Old Designator=HW14 New Designator=HW11
Change Component Designator: Old Designator=L2 New Designator=L3
Change Component Designator: Old Designator=L3 New Designator=L1
Change Component Designator: Old Designator=L4 New Designator=L2
Change Component Designator: Old Designator=R66 New Designator=R116
Change Component Designator: Old Designator=SB1 New Designator=SB6
Change Component Designator: Old Designator=SB5 New Designator=SB9
Change Component Designator: Old Designator=SB6 New Designator=SB11
Change Component Designator: Old Designator=SB15 New Designator=SB16
Change Component Designator: Old Designator=SB17 New Designator=SB12
Change Component Designator: Old Designator=SB18 New Designator=SB10
Change Component Designator: Old Designator=SB23 New Designator=SB18
Change Component Designator: Old Designator=SB26 New Designator=SB8
Change Component Designator: Old Designator=SB27 New Designator=SB13
Change Component Designator: Old Designator=SB43 New Designator=SB17
Change Component Designator: Old Designator=SB44 New Designator=SB14
Change Component Designator: Old Designator=SB45 New Designator=SB15
Change Component Designator: Old Designator=SB46 New Designator=SB7
Change Component Designator: Old Designator=TP1 New Designator=TP2
Change Component Designator: Old Designator=TP2 New Designator=TP3
Change Component Designator: Old Designator=TP3 New Designator=TP4
Change Component Designator: Old Designator=TP6 New Designator=TP5
Change Component Designator: Old Designator=U6 New Designator=U5
Change Component Designator: Old Designator=U18 New Designator=U8
