Change Component Designator: Old Designator=C66 New Designator=C?
Change Component Designator: Old Designator=C67 New Designator=C?
Change Component Designator: Old Designator=C68 New Designator=C?
Change Component Designator: Old Designator=C69 New Designator=C?
Change Component Designator: Old Designator=C70 New Designator=C?
Change Component Designator: Old Designator=C71 New Designator=C?
Change Component Designator: Old Designator=C72 New Designator=C?
Change Component Designator: Old Designator=C73 New Designator=C?
Change Component Designator: Old Designator=C74 New Designator=C?
Change Component Designator: Old Designator=C75 New Designator=C?
Change Component Designator: Old Designator=CR1 New Designator=CR?
Change Component Designator: Old Designator=J1 New Designator=J?
Change Component Designator: Old Designator=L4 New Designator=L?
Change Component Designator: Old Designator=L5 New Designator=L?
Change Component Designator: Old Designator=Q1 New Designator=Q?
Change Component Designator: Old Designator=R117 New Designator=R?
Change Component Designator: Old Designator=R118 New Designator=R?
Change Component Designator: Old Designator=R119 New Designator=R?
Change Component Designator: Old Designator=R120 New Designator=R?
Change Component Designator: Old Designator=R121 New Designator=R?
Change Component Designator: Old Designator=R122 New Designator=R?
Change Component Designator: Old Designator=R123 New Designator=R?
Change Component Designator: Old Designator=R124 New Designator=R?
Change Component Designator: Old Designator=R125 New Designator=R?
Change Component Designator: Old Designator=R126 New Designator=R?
Change Component Designator: Old Designator=R127 New Designator=R?
Change Component Designator: Old Designator=R128 New Designator=R?
Change Component Designator: Old Designator=R129 New Designator=R?
Change Component Designator: Old Designator=R130 New Designator=R?
Change Component Designator: Old Designator=R131 New Designator=R?
Change Component Designator: Old Designator=R132 New Designator=R?
Change Component Designator: Old Designator=R133 New Designator=R?
Change Component Designator: Old Designator=R134 New Designator=R?
Change Component Designator: Old Designator=R135 New Designator=R?
Change Component Designator: Old Designator=R136 New Designator=R?
Change Component Designator: Old Designator=R137 New Designator=R?
Change Component Designator: Old Designator=R138 New Designator=R?
Change Component Designator: Old Designator=R139 New Designator=R?
Change Component Designator: Old Designator=R140 New Designator=R?
Change Component Designator: Old Designator=R141 New Designator=R?
Change Component Designator: Old Designator=R142 New Designator=R?
Change Component Designator: Old Designator=R143 New Designator=R?
Change Component Designator: Old Designator=R144 New Designator=R?
Change Component Designator: Old Designator=R145 New Designator=R?
Change Component Designator: Old Designator=R146 New Designator=R?
Change Component Designator: Old Designator=R147 New Designator=R?
Change Component Designator: Old Designator=R148 New Designator=R?
Change Component Designator: Old Designator=R149 New Designator=R?
Change Component Designator: Old Designator=T1 New Designator=T?
Change Component Designator: Old Designator=U9 New Designator=U?
Change Component Designator: Old Designator=X3 New Designator=X?
